Tue Apr 19 17:24:51 EEST 2016
mkdir: cannot create directory ‘/KERNEL_OBJ’: Permission denied
============================================
PLATFORM_VERSION_CODENAME=REL
PLATFORM_VERSION=5.1.1
TARGET_PRODUCT=omni_nx403a
TARGET_BUILD_VARIANT=eng
TARGET_BUILD_TYPE=release
TARGET_BUILD_APPS=
TARGET_ARCH=arm
TARGET_ARCH_VARIANT=armv7-a-neon
TARGET_CPU_VARIANT=krait
TARGET_2ND_ARCH=
TARGET_2ND_ARCH_VARIANT=
TARGET_2ND_CPU_VARIANT=
HOST_ARCH=x86_64
HOST_OS=linux
HOST_OS_EXTRA=Linux-4.2.0-35-generic-x86_64-with-Ubuntu-14.04-trusty
HOST_BUILD_TYPE=release
BUILD_ID=LYZ28N
OUT_DIR=/home/ubuntu/omni.android-5.1/out
============================================
build/core/dex_preopt.mk:79: No DALVIK_VM_LIB, disable dexpreopt.
including ./abi/cpp/Android.mk ...
including ./art/Android.mk ...
art/build/Android.common_build.mk:217: *** LIBART_IMG_HOST_BASE_ADDRESS unset.  Stop.
Command exited with non-zero status 2
Total time: 0:02.72
Tue Apr 19 17:24:54 EEST 2016
